mode: atomic
iot-platform-go/internal/database/database.go:19.49,22.16 3 0
iot-platform-go/internal/database/database.go:22.16,24.3 1 0
iot-platform-go/internal/database/database.go:27.2,27.34 1 0
iot-platform-go/internal/database/database.go:27.34,29.3 1 0
iot-platform-go/internal/database/database.go:31.2,34.46 2 0
iot-platform-go/internal/database/database.go:34.46,36.3 1 0
iot-platform-go/internal/database/database.go:38.2,38.22 1 0
iot-platform-go/internal/database/database.go:42.39,59.16 3 0
iot-platform-go/internal/database/database.go:59.16,61.3 1 0
iot-platform-go/internal/database/database.go:64.2,77.16 3 0
iot-platform-go/internal/database/database.go:77.16,79.3 1 0
iot-platform-go/internal/database/database.go:82.2,90.32 2 0
iot-platform-go/internal/database/database.go:90.32,92.17 2 0
iot-platform-go/internal/database/database.go:92.17,94.4 1 0
iot-platform-go/internal/database/database.go:97.2,98.12 2 0
iot-platform-go/internal/database/database.go:102.34,104.2 1 0
iot-platform-go/internal/device/mock_repository.go:21.42,25.2 1 0
iot-platform-go/internal/device/mock_repository.go:28.90,29.25 1 0
iot-platform-go/internal/device/mock_repository.go:29.25,31.3 1 0
iot-platform-go/internal/device/mock_repository.go:33.2,46.20 3 0
iot-platform-go/internal/device/mock_repository.go:50.69,51.26 1 0
iot-platform-go/internal/device/mock_repository.go:51.26,53.3 1 0
iot-platform-go/internal/device/mock_repository.go:55.2,56.13 2 0
iot-platform-go/internal/device/mock_repository.go:56.13,58.3 1 0
iot-platform-go/internal/device/mock_repository.go:60.2,60.20 1 0
iot-platform-go/internal/device/mock_repository.go:64.61,65.25 1 0
iot-platform-go/internal/device/mock_repository.go:65.25,67.3 1 0
iot-platform-go/internal/device/mock_repository.go:69.2,70.35 2 0
iot-platform-go/internal/device/mock_repository.go:70.35,72.3 1 0
iot-platform-go/internal/device/mock_repository.go:74.2,74.21 1 0
iot-platform-go/internal/device/mock_repository.go:78.101,79.25 1 0
iot-platform-go/internal/device/mock_repository.go:79.25,81.3 1 0
iot-platform-go/internal/device/mock_repository.go:83.2,84.13 2 0
iot-platform-go/internal/device/mock_repository.go:84.13,86.3 1 0
iot-platform-go/internal/device/mock_repository.go:88.2,88.20 1 0
iot-platform-go/internal/device/mock_repository.go:88.20,90.3 1 0
iot-platform-go/internal/device/mock_repository.go:91.2,91.20 1 0
iot-platform-go/internal/device/mock_repository.go:91.20,93.3 1 0
iot-platform-go/internal/device/mock_repository.go:94.2,94.24 1 0
iot-platform-go/internal/device/mock_repository.go:94.24,96.3 1 0
iot-platform-go/internal/device/mock_repository.go:97.2,97.24 1 0
iot-platform-go/internal/device/mock_repository.go:97.24,99.3 1 0
iot-platform-go/internal/device/mock_repository.go:101.2,104.20 3 0
iot-platform-go/internal/device/mock_repository.go:108.50,109.25 1 0
iot-platform-go/internal/device/mock_repository.go:109.25,111.3 1 0
iot-platform-go/internal/device/mock_repository.go:113.2,113.41 1 0
iot-platform-go/internal/device/mock_repository.go:113.41,115.3 1 0
iot-platform-go/internal/device/mock_repository.go:117.2,118.12 2 0
iot-platform-go/internal/device/mock_repository.go:122.71,123.31 1 0
iot-platform-go/internal/device/mock_repository.go:123.31,125.3 1 0
iot-platform-go/internal/device/mock_repository.go:127.2,128.13 2 0
iot-platform-go/internal/device/mock_repository.go:128.13,130.3 1 0
iot-platform-go/internal/device/mock_repository.go:132.2,137.12 5 0
iot-platform-go/internal/device/mock_repository.go:141.106,143.2 1 0
iot-platform-go/internal/device/mock_repository.go:146.85,148.2 1 0
iot-platform-go/internal/device/mock_repository.go:151.77,153.2 1 0
iot-platform-go/internal/device/mock_repository.go:156.117,158.2 1 0
iot-platform-go/internal/device/mock_repository.go:161.66,163.2 1 0
iot-platform-go/internal/device/mock_repository.go:166.87,168.2 1 0
iot-platform-go/internal/device/mock_repository.go:171.59,173.2 1 0
iot-platform-go/internal/device/mock_repository.go:176.34,178.2 1 0
iot-platform-go/internal/device/repository.go:30.55,32.2 1 0
iot-platform-go/internal/device/repository.go:35.86,55.16 4 0
iot-platform-go/internal/device/repository.go:55.16,57.3 1 0
iot-platform-go/internal/device/repository.go:59.2,59.20 1 0
iot-platform-go/internal/device/repository.go:63.65,73.16 4 0
iot-platform-go/internal/device/repository.go:73.16,74.27 1 0
iot-platform-go/internal/device/repository.go:74.27,76.4 1 0
iot-platform-go/internal/device/repository.go:77.3,77.58 1 0
iot-platform-go/internal/device/repository.go:80.2,80.20 1 0
iot-platform-go/internal/device/repository.go:84.57,92.16 3 0
iot-platform-go/internal/device/repository.go:92.16,94.3 1 0
iot-platform-go/internal/device/repository.go:95.2,98.18 3 0
iot-platform-go/internal/device/repository.go:98.18,111.17 3 0
iot-platform-go/internal/device/repository.go:111.17,113.4 1 0
iot-platform-go/internal/device/repository.go:114.3,114.36 1 0
iot-platform-go/internal/device/repository.go:117.2,117.34 1 0
iot-platform-go/internal/device/repository.go:117.34,119.3 1 0
iot-platform-go/internal/device/repository.go:121.2,121.21 1 0
iot-platform-go/internal/device/repository.go:125.97,127.16 2 0
iot-platform-go/internal/device/repository.go:127.16,129.3 1 0
iot-platform-go/internal/device/repository.go:132.2,132.20 1 0
iot-platform-go/internal/device/repository.go:132.20,134.3 1 0
iot-platform-go/internal/device/repository.go:135.2,135.20 1 0
iot-platform-go/internal/device/repository.go:135.20,137.3 1 0
iot-platform-go/internal/device/repository.go:138.2,138.24 1 0
iot-platform-go/internal/device/repository.go:138.24,140.3 1 0
iot-platform-go/internal/device/repository.go:141.2,141.22 1 0
iot-platform-go/internal/device/repository.go:141.22,143.3 1 0
iot-platform-go/internal/device/repository.go:144.2,144.24 1 0
iot-platform-go/internal/device/repository.go:144.24,146.3 1 0
iot-platform-go/internal/device/repository.go:148.2,158.16 4 0
iot-platform-go/internal/device/repository.go:158.16,160.3 1 0
iot-platform-go/internal/device/repository.go:162.2,162.20 1 0
iot-platform-go/internal/device/repository.go:166.46,169.16 3 0
iot-platform-go/internal/device/repository.go:169.16,171.3 1 0
iot-platform-go/internal/device/repository.go:173.2,174.16 2 0
iot-platform-go/internal/device/repository.go:174.16,176.3 1 0
iot-platform-go/internal/device/repository.go:178.2,178.23 1 0
iot-platform-go/internal/device/repository.go:178.23,180.3 1 0
iot-platform-go/internal/device/repository.go:182.2,182.12 1 0
iot-platform-go/internal/device/repository.go:186.67,194.16 3 0
iot-platform-go/internal/device/repository.go:194.16,196.3 1 0
iot-platform-go/internal/device/repository.go:198.2,198.12 1 0
iot-platform-go/internal/api/device_handler.go:23.71,25.2 1 19
iot-platform-go/internal/api/device_handler.go:28.54,30.47 2 3
iot-platform-go/internal/api/device_handler.go:30.47,33.3 2 1
iot-platform-go/internal/api/device_handler.go:35.2,36.16 2 2
iot-platform-go/internal/api/device_handler.go:36.16,39.3 2 1
iot-platform-go/internal/api/device_handler.go:41.2,41.36 1 1
iot-platform-go/internal/api/device_handler.go:45.51,47.14 2 2
iot-platform-go/internal/api/device_handler.go:47.14,50.3 2 0
iot-platform-go/internal/api/device_handler.go:52.2,53.16 2 2
iot-platform-go/internal/api/device_handler.go:53.16,54.39 1 1
iot-platform-go/internal/api/device_handler.go:54.39,57.4 2 0
iot-platform-go/internal/api/device_handler.go:58.3,59.9 2 1
iot-platform-go/internal/api/device_handler.go:62.2,62.31 1 1
iot-platform-go/internal/api/device_handler.go:66.55,68.16 2 3
iot-platform-go/internal/api/device_handler.go:68.16,71.3 2 1
iot-platform-go/internal/api/device_handler.go:73.2,76.4 1 2
iot-platform-go/internal/api/device_handler.go:80.54,82.14 2 3
iot-platform-go/internal/api/device_handler.go:82.14,85.3 2 0
iot-platform-go/internal/api/device_handler.go:87.2,88.47 2 3
iot-platform-go/internal/api/device_handler.go:88.47,91.3 2 1
iot-platform-go/internal/api/device_handler.go:93.2,94.16 2 2
iot-platform-go/internal/api/device_handler.go:94.16,95.39 1 1
iot-platform-go/internal/api/device_handler.go:95.39,98.4 2 0
iot-platform-go/internal/api/device_handler.go:99.3,100.9 2 1
iot-platform-go/internal/api/device_handler.go:103.2,103.31 1 1
iot-platform-go/internal/api/device_handler.go:107.54,109.14 2 2
iot-platform-go/internal/api/device_handler.go:109.14,112.3 2 0
iot-platform-go/internal/api/device_handler.go:114.2,115.16 2 2
iot-platform-go/internal/api/device_handler.go:115.16,116.39 1 1
iot-platform-go/internal/api/device_handler.go:116.39,119.4 2 0
iot-platform-go/internal/api/device_handler.go:120.3,121.9 2 1
iot-platform-go/internal/api/device_handler.go:124.2,124.72 1 1
iot-platform-go/internal/api/device_handler.go:128.57,130.14 2 3
iot-platform-go/internal/api/device_handler.go:130.14,133.3 2 1
iot-platform-go/internal/api/device_handler.go:135.2,136.16 2 2
iot-platform-go/internal/api/device_handler.go:136.16,137.39 1 1
iot-platform-go/internal/api/device_handler.go:137.39,140.4 2 0
iot-platform-go/internal/api/device_handler.go:141.3,142.9 2 1
iot-platform-go/internal/api/device_handler.go:145.2,151.31 2 1
iot-platform-go/internal/config/config.go:66.21,68.40 1 2
iot-platform-go/internal/config/config.go:68.40,70.3 1 2
iot-platform-go/internal/config/config.go:72.2,103.3 1 2
iot-platform-go/internal/config/config.go:107.46,108.42 1 30
iot-platform-go/internal/config/config.go:108.42,110.3 1 15
iot-platform-go/internal/config/config.go:111.2,111.21 1 15
iot-platform-go/internal/config/config.go:115.52,116.42 1 4
iot-platform-go/internal/config/config.go:116.42,117.55 1 0
iot-platform-go/internal/config/config.go:117.55,119.4 1 0
iot-platform-go/internal/config/config.go:121.2,121.21 1 4
iot-platform-go/internal/config/config.go:125.55,126.42 1 4
iot-platform-go/internal/config/config.go:126.42,127.61 1 0
iot-platform-go/internal/config/config.go:127.61,129.4 1 0
iot-platform-go/internal/config/config.go:131.2,131.21 1 4
iot-platform-go/internal/config/config.go:135.55,136.42 1 2
iot-platform-go/internal/config/config.go:136.42,137.68 1 0
iot-platform-go/internal/config/config.go:137.68,139.4 1 0
iot-platform-go/internal/config/config.go:141.2,141.21 1 2
iot-platform-go/internal/config/config.go:145.42,149.2 1 4
iot-platform-go/internal/mqtt/client.go:31.48,36.2 1 9
iot-platform-go/internal/mqtt/client.go:39.34,57.29 14 7
iot-platform-go/internal/mqtt/client.go:57.29,60.3 2 0
iot-platform-go/internal/mqtt/client.go:63.2,66.71 2 7
iot-platform-go/internal/mqtt/client.go:66.71,68.3 1 0
iot-platform-go/internal/mqtt/client.go:70.2,71.12 2 7
iot-platform-go/internal/mqtt/client.go:75.31,76.47 1 7
iot-platform-go/internal/mqtt/client.go:76.47,79.3 2 7
iot-platform-go/internal/mqtt/client.go:83.72,85.46 1 4
iot-platform-go/internal/mqtt/client.go:85.46,86.29 1 4
iot-platform-go/internal/mqtt/client.go:86.29,87.9 1 4
iot-platform-go/internal/mqtt/client.go:89.3,89.33 1 0
iot-platform-go/internal/mqtt/client.go:92.2,92.29 1 4
iot-platform-go/internal/mqtt/client.go:92.29,94.3 1 0
iot-platform-go/internal/mqtt/client.go:97.2,100.94 2 4
iot-platform-go/internal/mqtt/client.go:100.94,101.57 1 4
iot-platform-go/internal/mqtt/client.go:101.57,103.4 1 4
iot-platform-go/internal/mqtt/client.go:106.2,106.42 1 4
iot-platform-go/internal/mqtt/client.go:106.42,108.3 1 0
iot-platform-go/internal/mqtt/client.go:110.2,111.12 2 4
iot-platform-go/internal/mqtt/client.go:115.50,116.29 1 0
iot-platform-go/internal/mqtt/client.go:116.29,118.3 1 0
iot-platform-go/internal/mqtt/client.go:120.2,121.42 2 0
iot-platform-go/internal/mqtt/client.go:121.42,123.3 1 0
iot-platform-go/internal/mqtt/client.go:126.2,129.12 3 0
iot-platform-go/internal/mqtt/client.go:133.67,134.29 1 2
iot-platform-go/internal/mqtt/client.go:134.29,136.3 1 0
iot-platform-go/internal/mqtt/client.go:138.2,139.42 2 2
iot-platform-go/internal/mqtt/client.go:139.42,141.3 1 0
iot-platform-go/internal/mqtt/client.go:143.2,144.12 2 2
iot-platform-go/internal/mqtt/client.go:148.37,150.2 1 2
iot-platform-go/internal/mqtt/client.go:153.78,155.2 1 0
